Сборка начата 05.03.2024 01:41:14.
Уровень детализации журнала: Normal.     1>Проект "D:\labs\asd\lab4\olimpics\olimpics.vcxproj" в узле 2 (целевые объекты Build).
     1>PrepareForBuild:
         Структурированный вывод включен. Форматирование диагностики компилятора будет отражать иерархию ошибок. Подробнее см. https://aka.ms/cpp/structured-output.
       InitializeBuildStatus:
         Создание "x64\Debug\olimpics.tlog\unsuccessfulbuild", так как было задано "AlwaysCreate".
         Обращение к "x64\Debug\olimpics.tlog\unsuccessfulbuild".
       ClCompile:
         D:\Visual Studio\2022\Community\VC\Tools\MSVC\14.38.33130\bin\HostX64\x64\CL.exe /c /ZI /JMC /nologo /W3 /WX- /diagnostics:column /sdl /Od /D _DEBUG /D _CONSOLE /D _UNICODE /D UNICODE /Gm- /EHsc /RTC1 /MDd /GS /fp:precise /Zc:wchar_t /Zc:forScope /Zc:inline /permissive- /Fo"x64\Debug\\" /Fd"x64\Debug\vc143.pdb" /external:W3 /Gd /TP /FC /errorReport:prompt olympics.cpp
         olympics.cpp
     1>D:\labs\asd\lab4\olimpics\olympics.cpp(11,12): warning C4244: аргумент: преобразование "time_t" в "unsigned int", возможна потеря данных
       Link:
         D:\Visual Studio\2022\Community\VC\Tools\MSVC\14.38.33130\bin\HostX64\x64\link.exe /ERRORREPORT:PROMPT /OUT:"D:\labs\asd\lab4\x64\Debug\olimpics.exe" /INCREMENTAL /ILK:"x64\Debug\olimpics.ilk" /NOLOGO kernel32.lib user32.lib gdi32.lib winspool.lib comdlg32.lib advapi32.lib shell32.lib ole32.lib oleaut32.lib uuid.lib odbc32.lib odbccp32.lib /MANIFEST /MANIFESTUAC:"level='asInvoker' uiAccess='false'" /manifest:embed /DEBUG /PDB:"D:\labs\asd\lab4\x64\Debug\olimpics.pdb" /SUBSYSTEM:CONSOLE /TLBID:1 /DYNAMICBASE /NXCOMPAT /IMPLIB:"D:\labs\asd\lab4\x64\Debug\olimpics.lib" /MACHINE:X64 x64\Debug\olympics.obj
         olimpics.vcxproj -> D:\labs\asd\lab4\x64\Debug\olimpics.exe
       FinalizeBuildStatus:
         Файл "x64\Debug\olimpics.tlog\unsuccessfulbuild" удаляется.
         Обращение к "x64\Debug\olimpics.tlog\olimpics.lastbuildstate".
     1>Сборка проекта "D:\labs\asd\lab4\olimpics\olimpics.vcxproj" завершена (целевые объекты Build).

Сборка успешно завершена.

       "D:\labs\asd\lab4\olimpics\olimpics.vcxproj" (целевой объект Build ) (1) ->
       (Целевой объект ClCompile) -> 
         D:\labs\asd\lab4\olimpics\olympics.cpp(11,12): warning C4244: аргумент: преобразование "time_t" в "unsigned int", возможна потеря данных

    Предупреждений: 1
    Ошибок: 0

Прошло времени 00:00:00.64
