Сборка начата 06.03.2024 03:58:55.
Уровень детализации журнала: Normal.     1>Проект "D:\labs\asd\lab3\lab3\lab3.vcxproj" в узле 2 (целевые объекты Build).
     1>PrepareForBuild:
         Структурированный вывод включен. Форматирование диагностики компилятора будет отражать иерархию ошибок. Подробнее см. https://aka.ms/cpp/structured-output.
       InitializeBuildStatus:
         Создание "Debug\lab3.tlog\unsuccessfulbuild", так как было задано "AlwaysCreate".
         Обращение к "Debug\lab3.tlog\unsuccessfulbuild".
       ClCompile:
         D:\Visual Studio\2022\Community\VC\Tools\MSVC\14.38.33130\bin\HostX86\x86\CL.exe /c /ZI /JMC /nologo /W3 /WX- /diagnostics:column /sdl /Od /Oy- /D WIN32 /D _DEBUG /D _CONSOLE /D _UNICODE /D UNICODE /Gm- /EHsc /RTC1 /MDd /GS /fp:precise /Zc:wchar_t /Zc:forScope /Zc:inline /permissive- /Fo"Debug\\" /Fd"Debug\vc143.pdb" /external:W3 /Gd /TP /analyze- /FC /errorReport:prompt ex1.cpp
         ex1.cpp
     1>D:\labs\asd\lab3\lab3\ex1.cpp(15,12): warning C4244: аргумент: преобразование "time_t" в "unsigned int", возможна потеря данных
       Link:
         D:\Visual Studio\2022\Community\VC\Tools\MSVC\14.38.33130\bin\HostX86\x86\link.exe /ERRORREPORT:PROMPT /OUT:"D:\labs\asd\lab3\Debug\lab3.exe" /INCREMENTAL /ILK:"Debug\lab3.ilk" /NOLOGO kernel32.lib user32.lib gdi32.lib winspool.lib comdlg32.lib advapi32.lib shell32.lib ole32.lib oleaut32.lib uuid.lib odbc32.lib odbccp32.lib /MANIFEST /MANIFESTUAC:"level='asInvoker' uiAccess='false'" /manifest:embed /DEBUG /PDB:"D:\labs\asd\lab3\Debug\lab3.pdb" /SUBSYSTEM:CONSOLE /TLBID:1 /DYNAMICBASE /NXCOMPAT /IMPLIB:"D:\labs\asd\lab3\Debug\lab3.lib" /MACHINE:X86 Debug\ex1.obj
         lab3.vcxproj -> D:\labs\asd\lab3\Debug\lab3.exe
       FinalizeBuildStatus:
         Файл "Debug\lab3.tlog\unsuccessfulbuild" удаляется.
         Обращение к "Debug\lab3.tlog\lab3.lastbuildstate".
     1>Сборка проекта "D:\labs\asd\lab3\lab3\lab3.vcxproj" завершена (целевые объекты Build).

Сборка успешно завершена.

       "D:\labs\asd\lab3\lab3\lab3.vcxproj" (целевой объект Build ) (1) ->
       (Целевой объект ClCompile) -> 
         D:\labs\asd\lab3\lab3\ex1.cpp(15,12): warning C4244: аргумент: преобразование "time_t" в "unsigned int", возможна потеря данных

    Предупреждений: 1
    Ошибок: 0

Прошло времени 00:00:01.32
