Сборка начата 27.02.2024 16:50:31.
Уровень детализации журнала: Normal.     1>Проект "D:\labs\asd\1lab\1lab\1lab.vcxproj" в узле 2 (целевые объекты Build).
     1>PrepareForBuild:
         Структурированный вывод включен. Форматирование диагностики компилятора будет отражать иерархию ошибок. Подробнее см. https://aka.ms/cpp/structured-output.
       InitializeBuildStatus:
         Обращение к "x64\Debug\1lab.tlog\unsuccessfulbuild".
       ClCompile:
         D:\Visual Studio\2022\Community\VC\Tools\MSVC\14.38.33130\bin\HostX64\x64\CL.exe /c /ZI /JMC /nologo /W3 /WX- /diagnostics:column /sdl /Od /D _DEBUG /D _CONSOLE /D _UNICODE /D UNICODE /Gm- /EHsc /RTC1 /MDd /GS /fp:precise /Zc:wchar_t /Zc:forScope /Zc:inline /permissive- /Fo"x64\Debug\\" /Fd"x64\Debug\vc143.pdb" /external:W3 /Gd /TP /FC /errorReport:prompt ex1.cpp
         ex1.cpp
       Link:
         D:\Visual Studio\2022\Community\VC\Tools\MSVC\14.38.33130\bin\HostX64\x64\link.exe /ERRORREPORT:PROMPT /OUT:"D:\labs\asd\1lab\x64\Debug\1lab.exe" /INCREMENTAL /ILK:"x64\Debug\1lab.ilk" /NOLOGO kernel32.lib user32.lib gdi32.lib winspool.lib comdlg32.lib advapi32.lib shell32.lib ole32.lib oleaut32.lib uuid.lib odbc32.lib odbccp32.lib /MANIFEST /MANIFESTUAC:"level='asInvoker' uiAccess='false'" /manifest:embed /DEBUG /PDB:"D:\labs\asd\1lab\x64\Debug\1lab.pdb" /SUBSYSTEM:CONSOLE /TLBID:1 /DYNAMICBASE /NXCOMPAT /IMPLIB:"D:\labs\asd\1lab\x64\Debug\1lab.lib" /MACHINE:X64 x64\Debug\ex1.obj
         1lab.vcxproj -> D:\labs\asd\1lab\x64\Debug\1lab.exe
       FinalizeBuildStatus:
         Файл "x64\Debug\1lab.tlog\unsuccessfulbuild" удаляется.
         Обращение к "x64\Debug\1lab.tlog\1lab.lastbuildstate".
     1>Сборка проекта "D:\labs\asd\1lab\1lab\1lab.vcxproj" завершена (целевые объекты Build).

Сборка успешно завершена.
    Предупреждений: 0
    Ошибок: 0

Прошло времени 00:00:02.04
